<?xml version="1.0" encoding="UTF-8"?>
<!-- Generated by org.testng.reporters.JUnitReportReporter -->
<testsuite hostname="CPT0QG3" failures="0" tests="5" name="testCases.TC003_LoginDDT" time="63.925" errors="0" timestamp="2024-08-24T18:33:37 IST" skipped="0">
  <testcase classname="testCases.TC003_LoginDDT" name="verify_loginDDT" time="15.576"/>
  <system-out/>
  <testcase classname="testCases.TC003_LoginDDT" name="verify_loginDDT" time="6.102"/>
  <system-out/>
  <testcase classname="testCases.TC003_LoginDDT" name="verify_loginDDT" time="7.382"/>
  <system-out/>
  <testcase classname="testCases.TC003_LoginDDT" name="verify_loginDDT" time="16.976"/>
  <system-out/>
  <testcase classname="testCases.TC003_LoginDDT" name="verify_loginDDT" time="17.889"/>
  <system-out/>
</testsuite> <!-- testCases.TC003_LoginDDT -->
