<?xml version="1.0" encoding="UTF-8"?>
<!-- Generated by org.testng.reporters.JUnitReportReporter -->
<testsuite hostname="CPT0QG3" failures="0" tests="3" name="testCases.TC001_AccountRegistretionTest" time="30.541" errors="0" timestamp="2024-09-06T08:45:09 IST" skipped="0">
  <testcase classname="testCases.TC001_AccountRegistretionTest" name="verify_account_register" time="11.069"/>
  <system-out/>
  <testcase classname="testCases.TC001_AccountRegistretionTest" name="verify_account_register" time="10.461"/>
  <system-out/>
  <testcase classname="testCases.TC001_AccountRegistretionTest" name="verify_account_register" time="9.011"/>
  <system-out/>
</testsuite> <!-- testCases.TC001_AccountRegistretionTest -->
