<?xml version="1.0" encoding="UTF-8"?>
<!-- Generated by org.testng.reporters.JUnitReportReporter -->
<testsuite hostname="CPT0QG3" failures="0" tests="1" name="testCases.TC001_AccountRegistretionTest" time="6.706" errors="0" timestamp="2024-09-06T14:21:37 IST" skipped="0">
  <testcase classname="testCases.TC001_AccountRegistretionTest" name="verify_account_register" time="6.706"/>
  <system-out/>
</testsuite> <!-- testCases.TC001_AccountRegistretionTest -->
