<?xml version="1.0" encoding="UTF-8"?>
<!-- Generated by org.testng.reporters.JUnitReportReporter -->
<testsuite hostname="CPT0QG3" failures="0" tests="1" name="testCases.TC002_LoginTest" time="5.661" errors="0" timestamp="2024-09-06T14:21:37 IST" skipped="0">
  <testcase classname="testCases.TC002_LoginTest" name="verify_Login" time="5.661"/>
  <system-out/>
</testsuite> <!-- testCases.TC002_LoginTest -->
